{
  "stats": {
    "suites": 2,
    "tests": 3,
    "passes": 3,
    "pending": 0,
    "failures": 0,
    "start": "2022-06-23T15:56:23.415Z",
    "end": "2022-06-23T15:56:38.907Z",
    "duration": 15492,
    "testsRegistered": 3,
    "passPercent": 100,
    "pendingPercent": 0,
    "other": 0,
    "hasOther": false,
    "skipped": 0,
    "hasSkipped": false
  },
  "results": [
    {
      "uuid": "d408a520-43cd-4018-9bcc-adbb2adf7108",
      "title": "",
      "fullFile": "cypress/integration/Testy-automatyczne-zaliczenie/Testy/Testy_cz1_google.spec.js",
      "file": "cypress/integration/Testy-automatyczne-zaliczenie/Testy/Testy_cz1_google.spec.js",
      "beforeHooks": [],
      "afterHooks": [],
      "tests": [],
      "suites": [
        {
          "uuid": "61d130d3-ddcc-45f0-93b5-e333ec698e93",
          "title": "Testy automatyczne II - projekt na zaliczenie - Arkadiusz Grygoruk, podyplomowe - Tester oprogramowania 2021/2022",
          "fullFile": "",
          "file": "",
          "beforeHooks": [],
          "afterHooks": [],
          "tests": [],
          "suites": [
            {
              "uuid": "ccebaedf-c3cd-4f31-8aa9-eea2a9ed8cc1",
              "title": "Website tests - google.com",
              "fullFile": "",
              "file": "",
              "beforeHooks": [],
              "afterHooks": [],
              "tests": [
                {
                  "title": "Test 1 - Weather search with mouse click on first dropdown result",
                  "fullTitle": "Testy automatyczne II - projekt na zaliczenie - Arkadiusz Grygoruk, podyplomowe - Tester oprogramowania 2021/2022 Website tests - google.com Test 1 - Weather search with mouse click on first dropdown result",
                  "timedOut": null,
                  "duration": 7282,
                  "state": "passed",
                  "speed": "medium",
                  "pass": true,
                  "fail": false,
                  "pending": false,
                  "context": null,
                  "code": "cy.get('.gLFyf').type(_querriesZaliczenieGrygoruk.default[0].input1).wait(2000);\ncy.get(':nth-child(1) > .eIPGRd > .pcTkSc > .wM6W7d > span').click();\ncy.get('#rcnt').contains('div', _querriesZaliczenieGrygoruk.default[0].input1, {\n  matchCase: false\n}).should('contain', _querriesZaliczenieGrygoruk.default[0].input1);",
                  "err": {},
                  "uuid": "c81ffe72-f199-4d4f-9780-6c319fe6c73d",
                  "parentUUID": "ccebaedf-c3cd-4f31-8aa9-eea2a9ed8cc1",
                  "isHook": false,
                  "skipped": false
                },
                {
                  "title": "Test 2 - Weather search performed with {Enter}",
                  "fullTitle": "Testy automatyczne II - projekt na zaliczenie - Arkadiusz Grygoruk, podyplomowe - Tester oprogramowania 2021/2022 Website tests - google.com Test 2 - Weather search performed with {Enter}",
                  "timedOut": null,
                  "duration": 3852,
                  "state": "passed",
                  "speed": "fast",
                  "pass": true,
                  "fail": false,
                  "pending": false,
                  "context": null,
                  "code": "cy.get('.gLFyf').type(_querriesZaliczenieGrygoruk.default[0].input1 + '{enter}');\ncy.url().should('include', '/search?q=' + _querriesZaliczenieGrygoruk.default[0].input1);\ncy.get('div[data-async-context=\"query:' + _querriesZaliczenieGrygoruk.default[0].input1 + '\"]').should('be.visible');",
                  "err": {},
                  "uuid": "07dc787d-6347-4bdb-840e-823dac75891e",
                  "parentUUID": "ccebaedf-c3cd-4f31-8aa9-eea2a9ed8cc1",
                  "isHook": false,
                  "skipped": false
                },
                {
                  "title": "Test 3 - Weather search with mouse click on search button",
                  "fullTitle": "Testy automatyczne II - projekt na zaliczenie - Arkadiusz Grygoruk, podyplomowe - Tester oprogramowania 2021/2022 Website tests - google.com Test 3 - Weather search with mouse click on search button",
                  "timedOut": null,
                  "duration": 4164,
                  "state": "passed",
                  "speed": "fast",
                  "pass": true,
                  "fail": false,
                  "pending": false,
                  "context": null,
                  "code": "cy.get('.gLFyf').type(_querriesZaliczenieGrygoruk.default[0].input1);\ncy.get('.CqAVzb > center > .gNO89b').click();\ncy.url().should('include', '/search?q=' + _querriesZaliczenieGrygoruk.default[0].input1);",
                  "err": {},
                  "uuid": "c00d416f-4d53-4a72-bfa0-3cc81bb60082",
                  "parentUUID": "ccebaedf-c3cd-4f31-8aa9-eea2a9ed8cc1",
                  "isHook": false,
                  "skipped": false
                }
              ],
              "suites": [],
              "passes": [
                "c81ffe72-f199-4d4f-9780-6c319fe6c73d",
                "07dc787d-6347-4bdb-840e-823dac75891e",
                "c00d416f-4d53-4a72-bfa0-3cc81bb60082"
              ],
              "failures": [],
              "pending": [],
              "skipped": [],
              "duration": 15298,
              "root": false,
              "rootEmpty": false,
              "_timeout": 2000
            }
          ],
          "passes": [],
          "failures": [],
          "pending": [],
          "skipped": [],
          "duration": 0,
          "root": false,
          "rootEmpty": false,
          "_timeout": 2000
        }
      ],
      "passes": [],
      "failures": [],
      "pending": [],
      "skipped": [],
      "duration": 0,
      "root": true,
      "rootEmpty": true,
      "_timeout": 2000
    }
  ],
  "meta": {
    "mocha": {
      "version": "7.0.1"
    },
    "mochawesome": {
      "options": {
        "quiet": false,
        "reportFilename": "[status]_[datetime]-[name]-report",
        "saveHtml": true,
        "saveJson": true,
        "consoleReporter": "spec",
        "useInlineDiffs": false,
        "code": true
      },
      "version": "7.1.3"
    },
    "marge": {
      "options": {
        "reportFilename": "[status]_[datetime]-[name]-report",
        "timestamp": "isoDateTime",
        "overwrite": false,
        "html": true,
        "json": true
      },
      "version": "6.2.0"
    }
  }
}