{
  "stats": {
    "suites": 2,
    "tests": 3,
    "passes": 3,
    "pending": 0,
    "failures": 0,
    "start": "2022-06-23T15:58:56.820Z",
    "end": "2022-06-23T15:59:50.190Z",
    "duration": 53370,
    "testsRegistered": 3,
    "passPercent": 100,
    "pendingPercent": 0,
    "other": 0,
    "hasOther": false,
    "skipped": 0,
    "hasSkipped": false
  },
  "results": [
    {
      "uuid": "b2212919-c179-4313-824a-1c7aa00c7674",
      "title": "",
      "fullFile": "cypress/integration/Testy-automatyczne-zaliczenie/Testy/Testy_cz3_miejskoaktywni.spec copy.js",
      "file": "cypress/integration/Testy-automatyczne-zaliczenie/Testy/Testy_cz3_miejskoaktywni.spec copy.js",
      "beforeHooks": [],
      "afterHooks": [],
      "tests": [],
      "suites": [
        {
          "uuid": "1438d01b-c756-46e7-956b-430b20de9edd",
          "title": "Testy automatyczne II - projekt na zaliczenie - Arkadiusz Grygoruk, podyplomowe - Tester oprogramowania 2021/2022",
          "fullFile": "",
          "file": "",
          "beforeHooks": [],
          "afterHooks": [],
          "tests": [],
          "suites": [
            {
              "uuid": "8f5b016a-0be4-4635-8a4c-52430fab1c66",
              "title": "Website tests - Miejskoaktywni",
              "fullFile": "",
              "file": "",
              "beforeHooks": [],
              "afterHooks": [],
              "tests": [
                {
                  "title": "Test 1 - Contact info through location subpage",
                  "fullTitle": "Testy automatyczne II - projekt na zaliczenie - Arkadiusz Grygoruk, podyplomowe - Tester oprogramowania 2021/2022 Website tests - Miejskoaktywni Test 1 - Contact info through location subpage",
                  "timedOut": null,
                  "duration": 13445,
                  "state": "passed",
                  "speed": "slow",
                  "pass": true,
                  "fail": false,
                  "pending": false,
                  "context": null,
                  "code": "cy.get('body> div:nth-child(5) > div:nth-child(8)> div:nth-child(1) >div> div:nth-child(2) > ul > li:nth-child(3) > ul > li:nth-child(8) > a').click({\n  force: true\n}).wait(3000);\ncy.get('body > div:nth-child(5) > div:nth-child(8) > div:nth-child(6) > div:nth-child(2) > a').click();\ncy.get('[data-id=\"kontakt-1192\"] > .project_content > .project_content_content > :nth-child(1)').should('be.visible').should('contain', 'Białystok');",
                  "err": {},
                  "uuid": "d1a6fe33-5d1d-45e6-873a-e25f16cddd99",
                  "parentUUID": "8f5b016a-0be4-4635-8a4c-52430fab1c66",
                  "isHook": false,
                  "skipped": false
                },
                {
                  "title": "Test 2 - Contact info by search",
                  "fullTitle": "Testy automatyczne II - projekt na zaliczenie - Arkadiusz Grygoruk, podyplomowe - Tester oprogramowania 2021/2022 Website tests - Miejskoaktywni Test 2 - Contact info by search",
                  "timedOut": null,
                  "duration": 11125,
                  "state": "passed",
                  "speed": "slow",
                  "pass": true,
                  "fail": false,
                  "pending": false,
                  "context": null,
                  "code": "cy.get('#search_box').click({\n  force: true\n}).wait(2000);\ncy.get('[type=\"text\"]').type('Kontakt{enter}').wait(2000);\ncy.contains('div', 'teleadresowymi Toru').click({\n  force: true\n});\ncy.get('[data-id=\"kontakt-1192\"] > .project_content > .project_content_content > :nth-child(1)').should('be.visible');\ncy.url().should(\"contain\", \"kontakt-1192\");",
                  "err": {},
                  "uuid": "819c2dec-15fa-4d59-98cc-4c8637ba4326",
                  "parentUUID": "8f5b016a-0be4-4635-8a4c-52430fab1c66",
                  "isHook": false,
                  "skipped": false
                },
                {
                  "title": "Test 3 - Contact info through 'About US' subpage",
                  "fullTitle": "Testy automatyczne II - projekt na zaliczenie - Arkadiusz Grygoruk, podyplomowe - Tester oprogramowania 2021/2022 Website tests - Miejskoaktywni Test 3 - Contact info through 'About US' subpage",
                  "timedOut": null,
                  "duration": 11813,
                  "state": "passed",
                  "speed": "slow",
                  "pass": true,
                  "fail": false,
                  "pending": false,
                  "context": null,
                  "code": "cy.get('.outsideUl > :nth-child(6) > a').click().wait(2000);\ncy.get('[data-id=\"kontakty-56\"] > .description > .download_files > .download_file').click({\n  force: true\n}).wait(2000);\ncy.get('[data-id=\"tor-bialystok-1670\"] > .description').click();\ncy.url().should(\"contain\", \"tor-bialystok\");\ncy.get('[data-id=\"tor-bialystok-1670\"] > .project_content > .project_content_content > :nth-child(1)').should('be.visible');",
                  "err": {},
                  "uuid": "fcc7419a-4461-48a3-a22c-7c3befdd41c6",
                  "parentUUID": "8f5b016a-0be4-4635-8a4c-52430fab1c66",
                  "isHook": false,
                  "skipped": false
                }
              ],
              "suites": [],
              "passes": [
                "d1a6fe33-5d1d-45e6-873a-e25f16cddd99",
                "819c2dec-15fa-4d59-98cc-4c8637ba4326",
                "fcc7419a-4461-48a3-a22c-7c3befdd41c6"
              ],
              "failures": [],
              "pending": [],
              "skipped": [],
              "duration": 36383,
              "root": false,
              "rootEmpty": false,
              "_timeout": 2000
            }
          ],
          "passes": [],
          "failures": [],
          "pending": [],
          "skipped": [],
          "duration": 0,
          "root": false,
          "rootEmpty": false,
          "_timeout": 2000
        }
      ],
      "passes": [],
      "failures": [],
      "pending": [],
      "skipped": [],
      "duration": 0,
      "root": true,
      "rootEmpty": true,
      "_timeout": 2000
    }
  ],
  "meta": {
    "mocha": {
      "version": "7.0.1"
    },
    "mochawesome": {
      "options": {
        "quiet": false,
        "reportFilename": "[status]_[datetime]-[name]-report",
        "saveHtml": true,
        "saveJson": true,
        "consoleReporter": "spec",
        "useInlineDiffs": false,
        "code": true
      },
      "version": "7.1.3"
    },
    "marge": {
      "options": {
        "reportFilename": "[status]_[datetime]-[name]-report",
        "timestamp": "isoDateTime",
        "overwrite": false,
        "html": true,
        "json": true
      },
      "version": "6.2.0"
    }
  }
}